[2023-08-25 10:02:34] [WARNING]: 警告: 未配置签名服务器, 这可能会导致登录 45 错误码或发送消息被风控 
[2023-08-25 10:02:37] [WARNING]: Protocol -> device lock is disable. http api may fail. 
[2023-08-25 10:03:38] [FATAL]: open cache image db failed: The process cannot access the file because it is being used by another process. 
[2023-08-25 10:03:53] [FATAL]: open cache image db failed: The process cannot access the file because it is being used by another process. 
[2023-08-25 10:04:45] [FATAL]: open cache image db failed: The process cannot access the file because it is being used by another process. 
[2023-08-25 10:05:07] [WARNING]: 警告: 未配置签名服务器, 这可能会导致登录 45 错误码或发送消息被风控 
[2023-08-25 10:05:10] [WARNING]: Protocol -> device lock is disable. http api may fail. 
[2023-08-25 10:05:17] [WARNING]: 警告: 未配置签名服务器, 这可能会导致登录 45 错误码或发送消息被风控 
[2023-08-25 10:05:19] [WARNING]: Protocol -> device lock is disable. http api may fail. 
[2023-08-25 10:11:01] [FATAL]: open cache image db failed: The process cannot access the file because it is being used by another process. 
[2023-08-25 10:13:47] [FATAL]: open cache image db failed: The process cannot access the file because it is being used by another process. 
[2023-08-25 10:16:22] [FATAL]: open cache image db failed: The process cannot access the file because it is being used by another process. 
[2023-08-25 10:17:17] [FATAL]: open cache image db failed: The process cannot access the file because it is being used by another process. 
[2023-08-25 10:17:38] [WARNING]: 警告: 未配置签名服务器, 这可能会导致登录 45 错误码或发送消息被风控 
[2023-08-25 10:17:42] [WARNING]: Protocol -> device lock is disable. http api may fail. 
[2023-08-25 10:18:20] [WARNING]: 警告: 未配置签名服务器, 这可能会导致登录 45 错误码或发送消息被风控 
[2023-08-25 10:18:22] [WARNING]: Protocol -> device lock is disable. http api may fail. 
[2023-08-25 10:19:31] [WARNING]: 警告: 未配置签名服务器, 这可能会导致登录 45 错误码或发送消息被风控 
[2023-08-25 10:19:34] [WARNING]: Protocol -> device lock is disable. http api may fail. 
[2023-08-25 10:19:57] [WARNING]: 警告: 未配置签名服务器, 这可能会导致登录 45 错误码或发送消息被风控 
[2023-08-25 10:19:59] [WARNING]: Protocol -> device lock is disable. http api may fail. 
[2023-08-25 10:20:39] [WARNING]: 警告: 未配置签名服务器, 这可能会导致登录 45 错误码或发送消息被风控 
[2023-08-25 10:20:41] [WARNING]: Protocol -> device lock is disable. http api may fail. 
[2023-08-25 10:22:16] [WARNING]: 警告: 未配置签名服务器, 这可能会导致登录 45 错误码或发送消息被风控 
[2023-08-25 10:22:18] [WARNING]: Protocol -> device lock is disable. http api may fail. 
[2023-08-25 10:22:50] [WARNING]: 警告: 未配置签名服务器, 这可能会导致登录 45 错误码或发送消息被风控 
[2023-08-25 10:22:52] [WARNING]: Protocol -> device lock is disable. http api may fail. 
[2023-08-25 10:24:42] [WARNING]: 警告: 未配置签名服务器, 这可能会导致登录 45 错误码或发送消息被风控 
[2023-08-25 10:24:45] [WARNING]: Protocol -> device lock is disable. http api may fail. 
[2023-08-25 10:25:52] [WARNING]: 警告: 未配置签名服务器, 这可能会导致登录 45 错误码或发送消息被风控 
[2023-08-25 10:25:54] [WARNING]: Protocol -> device lock is disable. http api may fail. 
[2023-08-25 10:27:55] [WARNING]: 警告: 未配置签名服务器, 这可能会导致登录 45 错误码或发送消息被风控 
[2023-08-25 10:27:58] [WARNING]: Protocol -> device lock is disable. http api may fail. 
[2023-08-25 10:28:43] [WARNING]: 警告: 未配置签名服务器, 这可能会导致登录 45 错误码或发送消息被风控 
[2023-08-25 10:28:45] [WARNING]: Protocol -> device lock is disable. http api may fail. 
[2023-08-25 10:30:18] [WARNING]: 警告: 未配置签名服务器, 这可能会导致登录 45 错误码或发送消息被风控 
[2023-08-25 10:30:21] [WARNING]: Protocol -> device lock is disable. http api may fail. 
[2023-08-25 10:30:29] [WARNING]: 警告: 未配置签名服务器, 这可能会导致登录 45 错误码或发送消息被风控 
[2023-08-25 10:30:31] [WARNING]: Protocol -> device lock is disable. http api may fail. 
[2023-08-25 10:30:41] [WARNING]: 警告: 未配置签名服务器, 这可能会导致登录 45 错误码或发送消息被风控 
[2023-08-25 10:30:45] [WARNING]: Protocol -> device lock is disable. http api may fail. 
[2023-08-25 10:31:07] [WARNING]: 警告: 未配置签名服务器, 这可能会导致登录 45 错误码或发送消息被风控 
[2023-08-25 10:31:09] [WARNING]: Protocol -> device lock is disable. http api may fail. 
[2023-08-25 10:39:02] [ERROR]: Protocol -> unexpected disconnect: EOF 
[2023-08-25 10:39:22] [ERROR]: Protocol -> unexpected disconnect: EOF 
[2023-08-25 10:39:32] [ERROR]: Protocol -> register client failed: Packet timed out 
[2023-08-25 10:39:32] [WARNING]: Bot已离线: register error 
[2023-08-25 10:39:35] [WARNING]: 将在 3 秒后尝试重连. 重连次数：2/0 
[2023-08-25 10:39:38] [WARNING]: 尝试重连... 
[2023-08-25 10:39:39] [WARNING]: Protocol -> device lock is disable. http api may fail. 
[2023-08-25 10:41:42] [WARNING]: 警告: 未配置签名服务器, 这可能会导致登录 45 错误码或发送消息被风控 
[2023-08-25 10:41:44] [WARNING]: Protocol -> device lock is disable. http api may fail. 
[2023-08-25 10:47:42] [WARNING]: 警告: 未配置签名服务器, 这可能会导致登录 45 错误码或发送消息被风控 
[2023-08-25 10:47:45] [WARNING]: Protocol -> device lock is disable. http api may fail. 
[2023-08-25 10:48:23] [WARNING]: 警告: 未配置签名服务器, 这可能会导致登录 45 错误码或发送消息被风控 
[2023-08-25 10:48:25] [WARNING]: Protocol -> device lock is disable. http api may fail. 
[2023-08-25 10:50:49] [WARNING]: 警告: 未配置签名服务器, 这可能会导致登录 45 错误码或发送消息被风控 
[2023-08-25 10:50:51] [WARNING]: Protocol -> device lock is disable. http api may fail. 
[2023-08-25 10:54:55] [WARNING]: 警告: 未配置签名服务器, 这可能会导致登录 45 错误码或发送消息被风控 
[2023-08-25 10:54:57] [WARNING]: Protocol -> device lock is disable. http api may fail. 
[2023-08-25 11:03:46] [WARNING]: 警告: 未配置签名服务器, 这可能会导致登录 45 错误码或发送消息被风控 
[2023-08-25 11:03:49] [WARNING]: Protocol -> device lock is disable. http api may fail. 
[2023-08-25 11:07:17] [WARNING]: 警告: 未配置签名服务器, 这可能会导致登录 45 错误码或发送消息被风控 
[2023-08-25 11:07:19] [WARNING]: Protocol -> device lock is disable. http api may fail. 
[2023-08-25 11:08:53] [WARNING]: 警告: 未配置签名服务器, 这可能会导致登录 45 错误码或发送消息被风控 
[2023-08-25 11:08:55] [WARNING]: Protocol -> device lock is disable. http api may fail. 
[2023-08-25 12:24:20] [WARNING]: 警告: 未配置签名服务器, 这可能会导致登录 45 错误码或发送消息被风控 
[2023-08-25 12:24:22] [WARNING]: Protocol -> device lock is disable. http api may fail. 
[2023-08-25 12:26:20] [WARNING]: 警告: 未配置签名服务器, 这可能会导致登录 45 错误码或发送消息被风控 
[2023-08-25 12:26:22] [WARNING]: Protocol -> device lock is disable. http api may fail. 
[2023-08-25 12:33:43] [WARNING]: 警告: 未配置签名服务器, 这可能会导致登录 45 错误码或发送消息被风控 
[2023-08-25 12:33:46] [WARNING]: Protocol -> device lock is disable. http api may fail. 
[2023-08-25 12:39:06] [WARNING]: 警告: 未配置签名服务器, 这可能会导致登录 45 错误码或发送消息被风控 
[2023-08-25 12:39:09] [WARNING]: Protocol -> device lock is disable. http api may fail. 
[2023-08-25 12:41:53] [WARNING]: 警告: 未配置签名服务器, 这可能会导致登录 45 错误码或发送消息被风控 
[2023-08-25 12:42:00] [WARNING]: Protocol -> device lock is disable. http api may fail. 
[2023-08-25 12:46:45] [WARNING]: 警告: 未配置签名服务器, 这可能会导致登录 45 错误码或发送消息被风控 
[2023-08-25 12:46:48] [WARNING]: Protocol -> device lock is disable. http api may fail. 
[2023-08-25 12:58:34] [WARNING]: 警告: 未配置签名服务器, 这可能会导致登录 45 错误码或发送消息被风控 
[2023-08-25 12:58:37] [WARNING]: Protocol -> device lock is disable. http api may fail. 
[2023-08-25 12:59:44] [WARNING]: 警告: 未配置签名服务器, 这可能会导致登录 45 错误码或发送消息被风控 
[2023-08-25 12:59:46] [WARNING]: Protocol -> device lock is disable. http api may fail. 
[2023-08-25 13:02:36] [WARNING]: 警告: 未配置签名服务器, 这可能会导致登录 45 错误码或发送消息被风控 
[2023-08-25 13:02:38] [WARNING]: Protocol -> device lock is disable. http api may fail. 
[2023-08-25 13:04:04] [WARNING]: 警告: 未配置签名服务器, 这可能会导致登录 45 错误码或发送消息被风控 
[2023-08-25 13:04:07] [WARNING]: Protocol -> device lock is disable. http api may fail. 
[2023-08-25 14:24:07] [WARNING]: 警告: 未配置签名服务器, 这可能会导致登录 45 错误码或发送消息被风控 
[2023-08-25 14:24:10] [WARNING]: Protocol -> device lock is disable. http api may fail. 
[2023-08-25 14:26:17] [WARNING]: 警告: 未配置签名服务器, 这可能会导致登录 45 错误码或发送消息被风控 
[2023-08-25 14:26:20] [WARNING]: Protocol -> device lock is disable. http api may fail. 
[2023-08-25 14:28:37] [WARNING]: 警告: 未配置签名服务器, 这可能会导致登录 45 错误码或发送消息被风控 
[2023-08-25 14:28:40] [WARNING]: Protocol -> device lock is disable. http api may fail. 
[2023-08-25 14:30:27] [WARNING]: 警告: 未配置签名服务器, 这可能会导致登录 45 错误码或发送消息被风控 
[2023-08-25 14:30:30] [WARNING]: Protocol -> device lock is disable. http api may fail. 
[2023-08-25 14:34:05] [WARNING]: 警告: 未配置签名服务器, 这可能会导致登录 45 错误码或发送消息被风控 
[2023-08-25 14:34:08] [WARNING]: Protocol -> device lock is disable. http api may fail. 
[2023-08-25 14:38:06] [WARNING]: 警告: 未配置签名服务器, 这可能会导致登录 45 错误码或发送消息被风控 
[2023-08-25 14:38:08] [WARNING]: Protocol -> device lock is disable. http api may fail. 
[2023-08-25 16:06:58] [ERROR]: Protocol -> unexpected disconnect: EOF 
[2023-08-25 16:07:21] [ERROR]: Protocol -> unexpected disconnect: EOF 
[2023-08-25 17:09:20] [WARNING]: 语音文件 ff0efa0112fb955285fdb2a68772d748.amr 下载失败: Get "http://grouptalk.c2c.qq.com/?ver=0&rkey=3062020101045b305902010102010102047841bddc042467387a4f6a42376272734953394b575f6545763069497642696c6f5f4f7157784f746469020464e86fb6041f0000000866696c6574797065000000013100000005636f64656300000001300400&filetype=1&voice_codec=0": context deadline exceeded (Client.Timeout exceeded while awaiting headers) 
[2023-08-25 17:09:31] [ERROR]: Protocol -> unexpected disconnect: read tcp 172.18.252.226:9178->14.22.9.53:80: wsarecv: An established connection was aborted by the software in your host machine. 
[2023-08-25 17:09:31] [ERROR]: Protocol -> connect server error: dial tcp error: dial tcp 183.47.110.220:443: connectex: A socket operation was attempted to an unreachable host. 
[2023-08-25 17:09:31] [ERROR]: Protocol -> connect server error: dial tcp error: dial tcp 183.47.110.220:443: connectex: A socket operation was attempted to an unreachable host. 
[2023-08-25 17:09:31] [WARNING]: Bot已离线: connection dropped by server. 
[2023-08-25 17:09:34] [WARNING]: 将在 3 秒后尝试重连. 重连次数：2/0 
[2023-08-25 17:09:37] [WARNING]: 尝试重连... 
[2023-08-25 17:09:59] [ERROR]: Protocol -> parse incoming packet error: invalid packet length 1213486160 
[2023-08-25 17:09:59] [ERROR]: Protocol -> parse incoming packet error: invalid packet length 791752241 
[2023-08-25 17:09:59] [ERROR]: Protocol -> parse incoming packet error: invalid packet length 540160048 
[2023-08-25 17:09:59] [ERROR]: Protocol -> parse incoming packet error: invalid packet length 542067469 
[2023-08-25 17:10:10] [WARNING]: 快速重连失败: Packet timed out 
[2023-08-25 17:10:10] [FATAL]: 快速重连失败, 扫码登录无法恢复会话. 
